<?xml version="1.0" encoding="UTF-8"?>
<testsuite name="com.example.My.Trip.Flight.MyTripFlightApplicationTests" tests="1" skipped="0" failures="0" errors="0" timestamp="2022-10-04T14:34:07" hostname="yujjineee-MacBookPro.local" time="0.139">
  <properties/>
  <testcase name="contextLoads()" classname="com.example.My.Trip.Flight.MyTripFlightApplicationTests" time="0.139"/>
  <system-out><![CDATA[23:34:05.508 [Test worker] DEBUG org.springframework.test.context.BootstrapUtils - Instantiating CacheAwareContextLoaderDelegate from class [org.springframework.test.context.cache.DefaultCacheAwareContextLoaderDelegate]
23:34:05.513 [Test worker] DEBUG org.springframework.test.context.BootstrapUtils - Instantiating BootstrapContext using constructor [public org.springframework.test.context.support.DefaultBootstrapContext(java.lang.Class,org.springframework.test.context.CacheAwareContextLoaderDelegate)]
23:34:05.528 [Test worker] DEBUG org.springframework.test.context.BootstrapUtils - Instantiating TestContextBootstrapper for test class [com.example.My.Trip.Flight.MyTripFlightApplicationTests] from class [org.springframework.boot.test.context.SpringBootTestContextBootstrapper]
23:34:05.532 [Test worker] INFO org.springframework.boot.test.context.SpringBootTestContextBootstrapper - Neither @ContextConfiguration nor @ContextHierarchy found for test class [com.example.My.Trip.Flight.MyTripFlightApplicationTests], using SpringBootContextLoader
23:34:05.534 [Test worker] DEBUG org.springframework.test.context.support.AbstractContextLoader - Did not detect default resource location for test class [com.example.My.Trip.Flight.MyTripFlightApplicationTests]: class path resource [com/example/My/Trip/Flight/MyTripFlightApplicationTests-context.xml] does not exist
23:34:05.534 [Test worker] DEBUG org.springframework.test.context.support.AbstractContextLoader - Did not detect default resource location for test class [com.example.My.Trip.Flight.MyTripFlightApplicationTests]: class path resource [com/example/My/Trip/Flight/MyTripFlightApplicationTestsContext.groovy] does not exist
23:34:05.534 [Test worker] INFO org.springframework.test.context.support.AbstractContextLoader - Could not detect default resource locations for test class [com.example.My.Trip.Flight.MyTripFlightApplicationTests]: no resource found for suffixes {-context.xml, Context.groovy}.
23:34:05.534 [Test worker] INFO org.springframework.test.context.support.AnnotationConfigContextLoaderUtils - Could not detect default configuration classes for test class [com.example.My.Trip.Flight.MyTripFlightApplicationTests]: MyTripFlightApplicationTests does not declare any static, non-private, non-final, nested classes annotated with @Configuration.
23:34:05.551 [Test worker] DEBUG org.springframework.test.context.support.ActiveProfilesUtils - Could not find an 'annotation declaring class' for annotation type [org.springframework.test.context.ActiveProfiles] and class [com.example.My.Trip.Flight.MyTripFlightApplicationTests]
23:34:05.572 [Test worker] DEBUG org.springframework.context.annotation.ClassPathScanningCandidateComponentProvider - Identified candidate component class: file [/Users/iyujin/Desktop/School/4-2/2022-02-CECD01-KUUS/build/classes/java/main/com/example/My/Trip/Flight/MyTripFlightApplication.class]
23:34:05.573 [Test worker] INFO org.springframework.boot.test.context.SpringBootTestContextBootstrapper - Found @SpringBootConfiguration com.example.My.Trip.Flight.MyTripFlightApplication for test class com.example.My.Trip.Flight.MyTripFlightApplicationTests
23:34:05.606 [Test worker] DEBUG org.springframework.boot.test.context.SpringBootTestContextBootstrapper - @TestExecutionListeners is not present for class [com.example.My.Trip.Flight.MyTripFlightApplicationTests]: using defaults.
23:34:05.607 [Test worker] INFO org.springframework.boot.test.context.SpringBootTestContextBootstrapper - Loaded default TestExecutionListener class names from location [META-INF/spring.factories]: [org.springframework.boot.test.autoconfigure.restdocs.RestDocsTestExecutionListener, org.springframework.boot.test.autoconfigure.web.client.MockRestServiceServerResetTestExecutionListener, org.springframework.boot.test.autoconfigure.web.servlet.MockMvcPrintOnlyOnFailureTestExecutionListener, org.springframework.boot.test.autoconfigure.web.servlet.WebDriverTestExecutionListener, org.springframework.boot.test.autoconfigure.webservices.client.MockWebServiceServerTestExecutionListener, org.springframework.boot.test.mock.mockito.MockitoTestExecutionListener, org.springframework.boot.test.mock.mockito.ResetMocksTestExecutionListener, org.springframework.test.context.web.ServletTestExecutionListener, org.springframework.test.context.support.DirtiesContextBeforeModesTestExecutionListener, org.springframework.test.context.event.ApplicationEventsTestExecutionListener, org.springframework.test.context.support.DependencyInjectionTestExecutionListener, org.springframework.test.context.support.DirtiesContextTestExecutionListener, org.springframework.test.context.transaction.TransactionalTestExecutionListener, org.springframework.test.context.jdbc.SqlScriptsTestExecutionListener, org.springframework.test.context.event.EventPublishingTestExecutionListener]
23:34:05.613 [Test worker] INFO org.springframework.boot.test.context.SpringBootTestContextBootstrapper - Using TestExecutionListeners: [org.springframework.test.context.web.ServletTestExecutionListener@27953a83, org.springframework.test.context.support.DirtiesContextBeforeModesTestExecutionListener@556d0826, org.springframework.test.context.event.ApplicationEventsTestExecutionListener@66ce957f, org.springframework.boot.test.mock.mockito.MockitoTestExecutionListener@55b5f5d2, org.springframework.boot.test.autoconfigure.SpringBootDependencyInjectionTestExecutionListener@5bfa8cc5, org.springframework.test.context.support.DirtiesContextTestExecutionListener@666b83a4, org.springframework.test.context.transaction.TransactionalTestExecutionListener@749c877b, org.springframework.test.context.jdbc.SqlScriptsTestExecutionListener@efde75f, org.springframework.test.context.event.EventPublishingTestExecutionListener@16ecee1, org.springframework.boot.test.autoconfigure.restdocs.RestDocsTestExecutionListener@3b220bcb, org.springframework.boot.test.autoconfigure.web.client.MockRestServiceServerResetTestExecutionListener@2b95e48b, org.springframework.boot.test.autoconfigure.web.servlet.MockMvcPrintOnlyOnFailureTestExecutionListener@4a3329b9, org.springframework.boot.test.autoconfigure.web.servlet.WebDriverTestExecutionListener@3dddefd8, org.springframework.boot.test.autoconfigure.webservices.client.MockWebServiceServerTestExecutionListener@160ac7fb, org.springframework.boot.test.mock.mockito.ResetMocksTestExecutionListener@12bfd80d]
23:34:05.615 [Test worker] DEBUG org.springframework.test.context.support.AbstractDirtiesContextTestExecutionListener - Before test class: context [DefaultTestContext@242aa8d9 testClass = MyTripFlightApplicationTests, testInstance = [null], testMethod = [null], testException = [null], mergedContextConfiguration = [WebMergedContextConfiguration@5b11a194 testClass = MyTripFlightApplicationTests, locations = '{}', classes = '{class com.example.My.Trip.Flight.MyTripFlightApplication}', contextInitializerClasses = '[]', activeProfiles = '{}', propertySourceLocations = '{}', propertySourceProperties = '{org.springframework.boot.test.context.SpringBootTestContextBootstrapper=true}', contextCustomizers = set[org.springframework.boot.test.autoconfigure.actuate.metrics.MetricsExportContextCustomizerFactory$DisableMetricExportContextCustomizer@5a3bc7ed, org.springframework.boot.test.autoconfigure.properties.PropertyMappingContextCustomizer@0, org.springframework.boot.test.autoconfigure.web.servlet.WebDriverContextCustomizerFactory$Customizer@6c4980d3, org.springframework.boot.test.context.filter.ExcludeFilterContextCustomizer@38b27cdc, org.springframework.boot.test.json.DuplicateJsonObjectContextCustomizerFactory$DuplicateJsonObjectContextCustomizer@3e6104fc, org.springframework.boot.test.mock.mockito.MockitoContextCustomizer@0, org.springframework.boot.test.web.client.TestRestTemplateContextCustomizer@2c78d320, org.springframework.boot.test.context.SpringBootTestArgs@1, org.springframework.boot.test.context.SpringBootTestWebEnvironment@e4487af], resourceBasePath = 'src/main/webapp', contextLoader = 'org.springframework.boot.test.context.SpringBootContextLoader', parent = [null]], attributes = map['org.springframework.test.context.web.ServletTestExecutionListener.activateListener' -> true]], class annotated with @DirtiesContext [false] with mode [null].

  .   ____          _            __ _ _
 /\\ / ___'_ __ _ _(_)_ __  __ _ \ \ \ \
( ( )\___ | '_ | '_| | '_ \/ _` | \ \ \ \
 \\/  ___)| |_)| | | | | || (_| |  ) ) ) )
  '  |____| .__|_| |_|_| |_\__, | / / / /
 =========|_|==============|___/=/_/_/_/
 :: Spring Boot ::                (v2.7.4)

2022-10-04 23:34:05.741  INFO 25523 --- [    Test worker] c.e.M.T.F.MyTripFlightApplicationTests   : Starting MyTripFlightApplicationTests using Java 17.0.4.1 on yujjineee-MacBookPro.local with PID 25523 (started by iyujin in /Users/iyujin/Desktop/School/4-2/2022-02-CECD01-KUUS)
2022-10-04 23:34:05.743  INFO 25523 --- [    Test worker] c.e.M.T.F.MyTripFlightApplicationTests   : No active profile set, falling back to 1 default profile: "default"
2022-10-04 23:34:06.007  INFO 25523 --- [    Test worker] .s.d.r.c.RepositoryConfigurationDelegate : Multiple Spring Data modules found, entering strict repository configuration mode
2022-10-04 23:34:06.007  INFO 25523 --- [    Test worker] .s.d.r.c.RepositoryConfigurationDelegate : Bootstrapping Spring Data JPA repositories in DEFAULT mode.
2022-10-04 23:34:06.012  INFO 25523 --- [    Test worker] .s.d.r.c.RepositoryConfigurationDelegate : Finished Spring Data repository scanning in 2 ms. Found 0 JPA repository interfaces.
2022-10-04 23:34:06.024  INFO 25523 --- [    Test worker] .s.d.r.c.RepositoryConfigurationDelegate : Multiple Spring Data modules found, entering strict repository configuration mode
2022-10-04 23:34:06.024  INFO 25523 --- [    Test worker] .s.d.r.c.RepositoryConfigurationDelegate : Bootstrapping Spring Data Reactive MongoDB repositories in DEFAULT mode.
2022-10-04 23:34:06.025  INFO 25523 --- [    Test worker] .s.d.r.c.RepositoryConfigurationDelegate : Finished Spring Data repository scanning in 0 ms. Found 0 Reactive MongoDB repository interfaces.
2022-10-04 23:34:06.288  INFO 25523 --- [    Test worker] com.zaxxer.hikari.HikariDataSource       : HikariPool-1 - Starting...
2022-10-04 23:34:06.374  INFO 25523 --- [    Test worker] com.zaxxer.hikari.HikariDataSource       : HikariPool-1 - Start completed.
2022-10-04 23:34:06.401  INFO 25523 --- [    Test worker] o.hibernate.jpa.internal.util.LogHelper  : HHH000204: Processing PersistenceUnitInfo [name: default]
2022-10-04 23:34:06.426  INFO 25523 --- [    Test worker] org.hibernate.Version                    : HHH000412: Hibernate ORM core version 5.6.11.Final
2022-10-04 23:34:06.506  INFO 25523 --- [    Test worker] o.hibernate.annotations.common.Version   : HCANN000001: Hibernate Commons Annotations {5.1.2.Final}
2022-10-04 23:34:06.551  INFO 25523 --- [    Test worker] org.hibernate.dialect.Dialect            : HHH000400: Using dialect: org.hibernate.dialect.H2Dialect
2022-10-04 23:34:06.632  INFO 25523 --- [    Test worker] o.h.e.t.j.p.i.JtaPlatformInitiator       : HHH000490: Using JtaPlatform implementation: [org.hibernate.engine.transaction.jta.platform.internal.NoJtaPlatform]
2022-10-04 23:34:06.636  INFO 25523 --- [    Test worker] j.LocalContainerEntityManagerFactoryBean : Initialized JPA EntityManagerFactory for persistence unit 'default'
2022-10-04 23:34:06.754  WARN 25523 --- [    Test worker] JpaBaseConfiguration$JpaWebConfiguration : spring.jpa.open-in-view is enabled by default. Therefore, database queries may be performed during view rendering. Explicitly configure spring.jpa.open-in-view to disable this warning
2022-10-04 23:34:07.079  INFO 25523 --- [    Test worker] org.mongodb.driver.client                : MongoClient with metadata {"driver": {"name": "mongo-java-driver|reactive-streams|spring-boot", "version": "4.6.1"}, "os": {"type": "Darwin", "name": "Mac OS X", "architecture": "aarch64", "version": "11.2.3"}, "platform": "Java/Amazon.com Inc./17.0.4.1+9-LTS"} created with settings MongoClientSettings{readPreference=primary, writeConcern=WriteConcern{w=null, wTimeout=null ms, journal=null}, retryWrites=true, retryReads=true, readConcern=ReadConcern{level=null}, credential=null, streamFactoryFactory=null, commandListeners=[], codecRegistry=ProvidersCodecRegistry{codecProviders=[ValueCodecProvider{}, BsonValueCodecProvider{}, DBRefCodecProvider{}, DBObjectCodecProvider{}, DocumentCodecProvider{}, IterableCodecProvider{}, MapCodecProvider{}, GeoJsonCodecProvider{}, GridFSFileCodecProvider{}, Jsr310CodecProvider{}, JsonObjectCodecProvider{}, BsonCodecProvider{}, EnumCodecProvider{}, com.mongodb.Jep395RecordCodecProvider@404dc999]}, clusterSettings={hosts=[localhost:27017], srvServiceName=mongodb, mode=SINGLE, requiredClusterType=UNKNOWN, requiredReplicaSetName='null', serverSelector='null', clusterListeners='[]', serverSelectionTimeout='30000 ms', localThreshold='30000 ms'}, socketSettings=SocketSettings{connectTimeoutMS=10000, readTimeoutMS=0, receiveBufferSize=0, sendBufferSize=0}, heartbeatSocketSettings=SocketSettings{connectTimeoutMS=10000, readTimeoutMS=10000, receiveBufferSize=0, sendBufferSize=0}, connectionPoolSettings=ConnectionPoolSettings{maxSize=100, minSize=0, maxWaitTimeMS=120000, maxConnectionLifeTimeMS=0, maxConnectionIdleTimeMS=0, maintenanceInitialDelayMS=0, maintenanceFrequencyMS=60000, connectionPoolListeners=[], maxConnecting=2}, serverSettings=ServerSettings{heartbeatFrequencyMS=10000, minHeartbeatFrequencyMS=500, serverListeners='[]', serverMonitorListeners='[]'}, sslSettings=SslSettings{enabled=false, invalidHostNameAllowed=false, context=null}, applicationName='null', compressorList=[], uuidRepresentation=JAVA_LEGACY, serverApi=null, autoEncryptionSettings=null, contextProvider=null}
2022-10-04 23:34:07.093  INFO 25523 --- [localhost:27017] org.mongodb.driver.connection            : Opened connection [connectionId{localValue:1, serverValue:12}] to localhost:27017
2022-10-04 23:34:07.093  INFO 25523 --- [localhost:27017] org.mongodb.driver.connection            : Opened connection [connectionId{localValue:2, serverValue:11}] to localhost:27017
2022-10-04 23:34:07.093  INFO 25523 --- [localhost:27017] org.mongodb.driver.cluster               : Monitor thread successfully connected to server with description ServerDescription{address=localhost:27017, type=STANDALONE, state=CONNECTED, ok=true, minWireVersion=0, maxWireVersion=7, maxDocumentSize=16777216, logicalSessionTimeoutMinutes=30, roundTripTimeNanos=12022000}
2022-10-04 23:34:07.227  INFO 25523 --- [    Test worker] c.e.M.T.F.MyTripFlightApplicationTests   : Started MyTripFlightApplicationTests in 1.598 seconds (JVM running for 2.012)
]]></system-out>
  <system-err><![CDATA[]]></system-err>
</testsuite>
